; While compiling #'(:internal _empty_seq 0) at top level:
Warning: Variable x is never used.
; While compiling #'(:internal (:internal _empty_seq 0) 3) at top level:
Warning: Variable t54204 is never used.
; While compiling #'(:internal (:internal _empty_seq 0) 2) at top level:
Warning: Variable t54204 is never used.
; While compiling #'(:internal (:internal _empty_seq 0) 1) at top level:
Warning: Variable t54204 is never used.
; While compiling #'(:internal (:internal _empty_seq 0) 0) at top level:
Warning: Variable t54204 is never used.
; While compiling #'(:internal empty_seq! 0) at top level:
Warning: Variable x is never used.
; While compiling #'(:internal (:internal empty_seq! 0) 3) at top level:
Warning: Variable t54204 is never used.
; While compiling #'(:internal (:internal empty_seq! 0) 2) at top level:
Warning: Variable t54204 is never used.
; While compiling #'(:internal (:internal empty_seq! 0) 1) at top level:
Warning: Variable t54204 is never used.
; While compiling #'(:internal (:internal empty_seq! 0) 0) at top level:
Warning: Variable t54204 is never used.
; While compiling #'(:internal empty_seq 0) at top level:
Warning: Variable x is never used.
; While compiling #'(:internal (:internal empty_seq 0) 3) at top level:
Warning: Variable t54204 is never used.
; While compiling #'(:internal (:internal empty_seq 0) 2) at top level:
Warning: Variable t54204 is never used.
; While compiling #'(:internal (:internal empty_seq 0) 1) at top level:
Warning: Variable t54204 is never used.
; While compiling #'(:internal (:internal empty_seq 0) 0) at top level:
Warning: Variable t54204 is never used.
; While compiling #'(:internal _conv3 0) at top level:
Warning: Variable x is never used.
; While compiling #'(:internal conv3! 0) at top level:
Warning: Variable x is never used.
; While compiling #'(:internal (:internal conv3 0) 0) at top level:
Warning: Variable x is never used.
; While compiling #'(:internal _singfs 0) at top level:
Warning: Variable x is never used.
; While compiling #'(:internal singfs! 0) at top level:
Warning: Variable x is never used.
; While compiling #'(:internal (:internal singfs 0) 0) at top level:
Warning: Variable x is never used.
; While compiling #'_add_account at top level:
Warning: Variable E283 is never used.
; While compiling #'_add_account at top level:
Warning: Variable E280 is never used.
; While compiling #'add_account! at top level:
Warning: Variable E290 is never used.
; While compiling #'add_account! at top level:
Warning: Variable E287 is never used.
; While compiling #'(:internal add_account 0) at top level:
Warning: Variable E297 is never used.
; While compiling #'(:internal add_account 0) at top level:
Warning: Variable E294 is never used.
; While compiling #'(:internal _BCstate_init 0) at top level:
Warning: Variable x is never used.
; While compiling #'(:internal BCstate_init! 0) at top level:
Warning: Variable x is never used.
; While compiling #'(:internal BCstate_init 0) at top level:
Warning: Variable x is never used.
; While compiling #'_transition at top level:
Warning: Variable E303 is never used.
; While compiling #'(:internal transition 0) at top level:
Warning: Variable E320 is never used.
; While compiling #'_c_transition at top level:
Warning: Variable E334 is never used.
; While compiling #'c_transition! at top level:
Warning: Variable E337 is never used.
; While compiling #'(:internal c_transition 0) at top level:
Warning: Variable E340 is never used.
; While compiling #'_c_change at top level:
Warning: Variable E343 is never used.
; While compiling #'c_change! at top level:
Warning: Variable E346 is never used.
; While compiling #'(:internal c_change 0) at top level:
Warning: Variable E349 is never used.
